"D:/Documents/NMSU/CS479-VR/mediocrePosterMaker/Content/Furniture/Textures/T_Round_table_a.uasset" 0
"D:/Documents/NMSU/CS479-VR/mediocrePosterMaker/Content/Furniture/Textures/T_Round_table_m_r_ao.uasset" 1
"D:/Documents/NMSU/CS479-VR/mediocrePosterMaker/Content/Furniture/Textures/T_Round_table_n.uasset" 2
"D:/Documents/NMSU/CS479-VR/mediocrePosterMaker/Content/Furniture/Materials/M_Round_table.uasset" 3
"D:/Documents/NMSU/CS479-VR/mediocrePosterMaker/Content/Furniture/Meshes/SM_Classic_Round_Table.uasset" 4
"D:/Documents/NMSU/CS479-VR/mediocrePosterMaker/Content/Furniture/Textures/T_Classic_table_a.uasset" 5
"D:/Documents/NMSU/CS479-VR/mediocrePosterMaker/Content/Furniture/Textures/T_Classic_table_m_r_ao.uasset" 6
"D:/Documents/NMSU/CS479-VR/mediocrePosterMaker/Content/Furniture/Textures/T_Classic_table_n.uasset" 7
"D:/Documents/NMSU/CS479-VR/mediocrePosterMaker/Content/Furniture/Materials/M_Classic_table.uasset" 8
"D:/Documents/NMSU/CS479-VR/mediocrePosterMaker/Content/Furniture/Meshes/SM_Classic_table.uasset" 9
"D:/Documents/NMSU/CS479-VR/mediocrePosterMaker/Content/Furniture/Textures/T_Old_Table_a.uasset" 10
"D:/Documents/NMSU/CS479-VR/mediocrePosterMaker/Content/Furniture/Textures/T_Old_table_m_r_ao.uasset" 11
"D:/Documents/NMSU/CS479-VR/mediocrePosterMaker/Content/Furniture/Textures/T_Old_Table_n.uasset" 12
"D:/Documents/NMSU/CS479-VR/mediocrePosterMaker/Content/Furniture/Materials/M_Old_Table.uasset" 13
"D:/Documents/NMSU/CS479-VR/mediocrePosterMaker/Content/Furniture/Meshes/SM_Old_Table.uasset" 14
"D:/Documents/NMSU/CS479-VR/mediocrePosterMaker/Content/Furniture/Textures/T_Coffee_Table_M.uasset" 15
"D:/Documents/NMSU/CS479-VR/mediocrePosterMaker/Content/Geometry/Meshes/CubeMaterial.uasset" 16
"D:/Documents/NMSU/CS479-VR/mediocrePosterMaker/Content/Geometry/Meshes/1M_Cube_Chamfer.uasset" 17
"D:/Documents/NMSU/CS479-VR/mediocrePosterMaker/Content/Geometry/Meshes/TemplateFloor.uasset" 18
"D:/Documents/NMSU/CS479-VR/mediocrePosterMaker/Content/StarterContent/Materials/M_Basic_Floor.uasset" 19
"../../../Engine/Content/EngineResources/WhiteSquareTexture.uasset" 20
"D:/Documents/NMSU/CS479-VR/mediocrePosterMaker/Content/VirtualReality/Materials/M_WhiteBoardMaterial.uasset" 21
"D:/Documents/NMSU/CS479-VR/mediocrePosterMaker/Content/VirtualReality/Materials/GenericHMDMaterial.uasset" 22
"D:/Documents/NMSU/CS479-VR/mediocrePosterMaker/Content/VirtualReality/Meshes/GenericHMD.uasset" 23
"../../../Engine/Content/Functions/Engine_MaterialFunctions02/Utility/BreakOutFloat2Components.uasset" 24
"../../../Engine/Content/Functions/Engine_MaterialFunctions01/Texturing/ScaleUVsByCenter.uasset" 25
"../../../Engine/Content/Functions/Engine_MaterialFunctions02/ScreenResolution.uasset" 26
"../../../Engine/Content/Functions/Engine_MaterialFunctions02/Texturing/ScreenAlignedUVs.uasset" 27
"../../../Engine/Content/Functions/Engine_MaterialFunctions02/Utility/CameraDirectionVector.uasset" 28
"../../../Engine/Content/Functions/Engine_MaterialFunctions02/Utility/DepthFromWorldPosition.uasset" 29
"D:/Documents/NMSU/CS479-VR/mediocrePosterMaker/Content/VirtualReality/Materials/MF_OccludedPixels.uasset" 30
"D:/Documents/NMSU/CS479-VR/mediocrePosterMaker/Content/VirtualReality/Materials/TeleportMCP.uasset" 31
"../../../Engine/Content/EngineMaterials/Good64x64TilingNoiseHighFreq.uasset" 32
"D:/Documents/NMSU/CS479-VR/mediocrePosterMaker/Content/VirtualReality/Materials/M_ArcEndpoint.uasset" 33
"D:/Documents/NMSU/CS479-VR/mediocrePosterMaker/Content/VirtualReality/Materials/M_TeleportPreviews.uasset" 34
"D:/Documents/NMSU/CS479-VR/mediocrePosterMaker/Content/VirtualReality/Materials/MI_TeleportCylinderPreview.uasset" 35
"../../../Engine/Content/Functions/Engine_MaterialFunctions01/Opacity/CameraDepthFade.uasset" 36
"../../../Engine/Content/EngineMaterials/T_Default_Material_Grid_M.uasset" 37
"../../../Engine/Content/EngineMaterials/T_Default_Material_Grid_N.uasset" 38
"../../../Engine/Content/EngineMaterials/DefaultMaterial.uasset" 39
"../../../Engine/Content/BasicShapes/Cylinder.uasset" 40
"../../../Engine/Content/EngineMaterials/WorldGridMaterial.uasset" 41
"D:/Documents/NMSU/CS479-VR/mediocrePosterMaker/Content/VirtualReality/Meshes/BeaconDirection.uasset" 42
"D:/Documents/NMSU/CS479-VR/mediocrePosterMaker/Content/VirtualReality/Meshes/SM_FatCylinder.uasset" 43
"D:/Documents/NMSU/CS479-VR/mediocrePosterMaker/Content/VirtualRealityBP/Blueprints/HMDLocomotionPawn.uasset" 44
"../../../Engine/Content/Animation/DefaultAnimCurveCompressionSettings.uasset" 45
"../../../Engine/Content/ArtTools/RenderToTexture/Meshes/S_1_Unit_Plane.uasset" 46
"../../../Engine/Content/BasicShapes/Cone.uasset" 47
"../../../Engine/Content/BasicShapes/Plane.uasset" 48
"../../../Engine/Content/EditorLandscapeResources/DataLayer.uasset" 49
"../../../Engine/Content/EditorMaterials/MAT_Groups_Toggle.uasset" 50
"../../../Engine/Content/EditorMaterials/MAT_Groups_Visibility.uasset" 51
"../../../Engine/Content/EditorMaterials/PreviewShadowIndicator.uasset" 52
"../../../Engine/Content/EditorMaterials/PreviewShadowIndicatorMaterial.uasset" 53
"../../../Engine/Content/EditorMaterials/MatineeGroups/MAT_ColorTrack.uasset" 54
"../../../Engine/Content/EditorMaterials/MatineeGroups/MAT_Groups_Anim.uasset" 55
"../../../Engine/Content/EditorMaterials/MatineeGroups/MAT_Groups_AudioMaster.uasset" 56
"../../../Engine/Content/EditorMaterials/MatineeGroups/MAT_Groups_Director.uasset" 57
"../../../Engine/Content/EditorMaterials/MatineeGroups/MAT_Groups_Event.uasset" 58
"../../../Engine/Content/EditorMaterials/MatineeGroups/MAT_Groups_Fade.uasset" 59
"../../../Engine/Content/EditorMaterials/MatineeGroups/MAT_Groups_Float.uasset" 60
"../../../Engine/Content/EditorMaterials/MatineeGroups/MAT_Groups_Move.uasset" 61
"../../../Engine/Content/EditorMaterials/MatineeGroups/MAT_Groups_Slomo.uasset" 62
"../../../Engine/Content/EditorMaterials/MatineeGroups/MAT_Groups_Sound.uasset" 63
"../../../Engine/Content/EditorMaterials/MatineeGroups/MAT_Groups_Vector.uasset" 64
"../../../Engine/Content/EditorMaterials/ParticleSystems/PSysThumbnail_NoImage.uasset" 65
"../../../Engine/Content/EditorMaterials/ParticleSystems/PSysThumbnail_OOD.uasset" 66
"../../../Engine/Content/EditorMaterials/Camera/CineMat.uasset" 67
"../../../Engine/Content/EditorMaterials/Camera/MI_CineMat_Rig.uasset" 68
"../../../Engine/Content/EditorMeshes/Camera/SM_CraneRig_Arm.uasset" 69
"../../../Engine/Content/EditorMeshes/Camera/SM_CraneRig_Base.uasset" 70
"../../../Engine/Content/EditorMeshes/Camera/SM_CraneRig_Body.uasset" 71
"../../../Engine/Content/EditorMeshes/Camera/SM_CraneRig_Mount.uasset" 72
"../../../Engine/Content/EditorMeshes/Camera/SM_RailRig_Mount.uasset" 73
"../../../Engine/Content/EditorMeshes/Camera/SM_RailRig_Track.uasset" 74
"../../../Engine/Content/EditorResources/BSPVertex.uasset" 75
"../../../Engine/Content/EditorResources/EmptyActor.uasset" 76
"../../../Engine/Content/EditorResources/S_Actor.uasset" 77
"../../../Engine/Content/EditorResources/S_Note.uasset" 78
"../../../Engine/Content/EditorResources/S_Solver.uasset" 79
"../../../Engine/Content/EditorResources/S_Trigger.uasset" 80
"../../../Engine/Content/EditorResources/LightIcons/S_LightError.uasset" 81
"../../../Engine/Content/EditorResources/SequenceRecorder/Countdown.uasset" 82
"../../../Engine/Content/EditorResources/SequenceRecorder/RecordingIndicator.uasset" 83
"../../../Engine/Content/EditorSounds/Notifications/CompileFailed.uasset" 84
"../../../Engine/Content/EditorSounds/Notifications/CompileFailed_Cue.uasset" 85
"../../../Engine/Content/EditorSounds/Notifications/CompileSuccess.uasset" 86
"../../../Engine/Content/EditorSounds/Notifications/CompileStart_Cue.uasset" 87
"../../../Engine/Content/EditorSounds/Notifications/CompileSuccess_Cue.uasset" 88
"../../../Engine/Content/EngineDamageTypes/DmgTypeBP_Environmental.uasset" 89
"../../../Engine/Content/EngineDebugMaterials/DebugEditorMaterial.uasset" 90
"../../../Engine/Content/EngineDebugMaterials/DebugMeshMaterial.uasset" 91
"../../../Engine/Content/EngineDebugMaterials/M_SimpleTranslucent.uasset" 92
"../../../Engine/Content/EngineDebugMaterials/VolumeToRender.uasset" 93
"../../../Engine/Content/EngineDebugMaterials/M_VolumeRenderSphereTracePP.uasset" 94
"../../../Engine/Content/EngineDebugMaterials/WireframeMaterial.uasset" 95
"../../../Engine/Content/EngineFonts/Faces/DroidSansFallback.uasset" 96
"../../../Engine/Content/EngineFonts/Faces/RobotoBold.uasset" 97
"../../../Engine/Content/EngineFonts/Faces/RobotoBoldItalic.uasset" 98
"../../../Engine/Content/EngineFonts/Faces/RobotoItalic.uasset" 99
"../../../Engine/Content/EngineFonts/Faces/RobotoLight.uasset" 100
"../../../Engine/Content/EngineFonts/Faces/RobotoRegular.uasset" 101
"../../../Engine/Content/EngineFonts/Roboto.uasset" 102
"../../../Engine/Content/EngineMaterials/BaseFlattenDiffuseMap.uasset" 103
"../../../Engine/Content/EngineMaterials/BaseFlattenEmissiveMap.uasset" 104
"../../../Engine/Content/EngineMaterials/BaseFlattenGrayscaleMap.uasset" 105
"../../../Engine/Content/EngineMaterials/BaseFlattenNormalMap.uasset" 106
"../../../Engine/Content/EngineMaterials/BaseFlattenMaterial.uasset" 107
"../../../Engine/Content/EngineMaterials/BlueNoise.uasset" 108
"../../../Engine/Content/EngineMaterials/DefaultBloomKernel.uasset" 109
"../../../Engine/Content/EngineMaterials/DefaultBokeh.uasset" 110
"../../../Engine/Content/EngineMaterials/DefaultDiffuse.uasset" 111
"../../../Engine/Content/EngineMaterials/DefaultDeferredDecalMaterial.uasset" 112
"../../../Engine/Content/EngineMaterials/DefaultLightFunctionMaterial.uasset" 113
"../../../Engine/Content/EngineMaterials/DefaultPhysicalMaterial.uasset" 114
"../../../Engine/Content/EngineMaterials/DefaultPostProcessMaterial.uasset" 115
"../../../Engine/Content/EngineFonts/RobotoDistanceField.uasset" 116
"../../../Engine/Content/EngineMaterials/DefaultTextMaterialOpaque.uasset" 117
"../../../Engine/Content/EngineMaterials/DefaultVirtualTextureMaterial.uasset" 118
"../../../Engine/Content/EngineMaterials/DefaultWhiteGrid.uasset" 119
"../../../Engine/Content/EngineMaterials/DefaultWhiteGrid_Low.uasset" 120
"../../../Engine/Content/EngineMaterials/EmissiveMeshMaterial.uasset" 121
"../../../Engine/Content/EngineMaterials/GizmoMaterial.uasset" 122
"../../../Engine/Content/EngineMaterials/HairDefaultMaterial.uasset" 123
"../../../Engine/Content/EngineMaterials/MiniFont.uasset" 124
"../../../Engine/Content/EngineMaterials/InvalidLightmapSettings.uasset" 125
"../../../Engine/Content/EngineMaterials/M_InvalidLightmapSettings.uasset" 126
"../../../Engine/Content/Functions/Engine_MaterialFunctions02/WorldPositionOffset/CameraOffset.uasset" 127
"../../../Engine/Content/EngineMaterials/PhAT_JointLimitMaterial.uasset" 128
"../../../Engine/Content/EngineMaterials/PreintegratedSkinBRDF.uasset" 129
"../../../Engine/Content/EngineMaterials/RemoveSurfaceMaterial.uasset" 130
"../../../Engine/Content/EngineMaterials/WeightMapPlaceholderTexture.uasset" 131
"../../../Engine/Content/EngineMaterials/Widget3DPassThrough.uasset" 132
"../../../Engine/Content/EngineMaterials/Widget3DPassThrough_Masked.uasset" 133
"../../../Engine/Content/EngineMaterials/Widget3DPassThrough_Opaque.uasset" 134
"../../../Engine/Content/EngineMaterials/Widget3DPassThrough_Masked_OneSided.uasset" 135
"../../../Engine/Content/EngineMaterials/Widget3DPassThrough_Opaque_OneSided.uasset" 136
"../../../Engine/Content/EngineMaterials/Widget3DPassThrough_Translucent.uasset" 137
"../../../Engine/Content/EngineMaterials/Widget3DPassThrough_Translucent_OneSided.uasset" 138
"../../../Engine/Content/EngineMeshes/Cylinder.uasset" 139
"../../../Engine/Content/EngineMeshes/Sphere.uasset" 140
"../../../Engine/Content/EngineResources/Black.uasset" 141
"../../../Engine/Content/EngineResources/DefaultTexture.uasset" 142
"../../../Engine/Content/EngineResources/DefaultTextureCube.uasset" 143
"../../../Engine/Content/EngineResources/DefaultVolumeTexture2D.uasset" 144
"../../../Engine/Content/EngineResources/DefaultVolumeTexture.uasset" 145
"../../../Engine/Content/EngineResources/GradientTexture0.uasset" 146
"../../../Engine/Content/EngineSounds/Master.uasset" 147
"../../../Engine/Content/Functions/Engine_MaterialFunctions01/Shading/ConvertFromDiffSpec.uasset" 148
"../../../Engine/Content/Functions/Engine_MaterialFunctions01/Shading/PowerToRoughness.uasset" 149
"../../../Engine/Content/Maps/Templates/Thumbnails/Default.uasset" 150
"../../../Engine/Content/Maps/Templates/Thumbnails/TimeOfDay.uasset" 151
"../../../Engine/Content/Maps/Templates/Thumbnails/VR-Basic.uasset" 152
"../../../Engine/Content/MobileResources/T_MobileControls_texture.uasset" 153
"../../../Engine/Content/MobileResources/T_MobileMenu2.uasset" 154
"../../../Engine/Content/MobileResources/HUD/AnalogHat.uasset" 155
"../../../Engine/Content/MobileResources/HUD/VirtualJoystick_Background.uasset" 156
"../../../Engine/Content/MobileResources/HUD/VirtualJoystick_Thumb.uasset" 157
"../../../Engine/Content/MobileResources/HUD/DefaultVirtualJoysticks.uasset" 158
"../../../Engine/Content/MobileResources/HUD/LeftVirtualJoystickOnly.uasset" 159
"../../../Engine/Content/MobileResources/HUD/MobileHUDButton1_off.uasset" 160
"../../../Engine/Content/MobileResources/HUD/MobileHUDButton1_on.uasset" 161
"../../../Engine/Content/MobileResources/HUD/MobileHUDButton2_off.uasset" 162
"../../../Engine/Content/MobileResources/HUD/MobileHUDButton2_on.uasset" 163
"../../../Engine/Content/MobileResources/HUD/MobileHUDButton3.uasset" 164
"../../../Engine/Content/MobileResources/HUD/MobileHUDButtonFire.uasset" 165
"../../../Engine/Content/MobileResources/HUD/MobileHUDDirectionPad.uasset" 166
"../../../Engine/Content/MobileResources/HUD/MobileHUDDirectionPad2.uasset" 167
"../../../Engine/Content/MobileResources/HUD/MobileHUDDirectionPad3.uasset" 168
"../../../Engine/Content/MobileResources/HUD/MobileHUDDirectionStick.uasset" 169
"../../../Engine/Content/MobileResources/HUD/T_Castle_ThumbstickInner.uasset" 170
"../../../Engine/Content/MobileResources/HUD/T_Castle_ThumbstickOutter.uasset" 171
"../../../Engine/Content/Tutorial/ContentIntroCurve.uasset" 172
"../../../Engine/Content/Tutorial/Basics/LevelEditorAttract.uasset" 173
"../../../Engine/Content/VREditor/LaserPointer/VR_LaserPower_01.uasset" 174
"../../../Engine/Content/VREditor/TransformGizmo/TransformGizmoMaterial.uasset" 175
"../../../Engine/Content/VREditor/TransformGizmo/TranslucentTransformGizmoMaterial.uasset" 176
"../../../Engine/Content/VREditor/TransformGizmo/BoundingBoxCorner.uasset" 177
"../../../Engine/Content/VREditor/TransformGizmo/BoundingBoxEdge.uasset" 178
"../../../Engine/Content/VREditor/TransformGizmo/PlaneTranslationHandle.uasset" 179
"../../../Engine/Content/VREditor/TransformGizmo/Main.uasset" 180
"../../../Engine/Content/VREditor/TransformGizmo/Xray.uasset" 181
"../../../Engine/Content/VREditor/TransformGizmo/SM_Sequencer_Key.uasset" 182
"../../../Engine/Content/VREditor/TransformGizmo/SM_Sequencer_Node.uasset" 183
"../../Plugins/2D/Paper2D/Content/PlaceholderTextures/DummySpriteTexture.uasset" 184
"../../Plugins/2D/Paper2D/Content/DummySprite.uasset" 185
"../../Plugins/2D/Paper2D/Content/DefaultPaperTerrainMaterial.uasset" 186
"../../Plugins/2D/Paper2D/Content/DummySpriteTexture.uasset" 187
"../../Plugins/2D/Paper2D/Content/DefaultSpriteMaterial.uasset" 188
"../../Plugins/2D/Paper2D/Content/MaskedUnlitSpriteMaterial.uasset" 189
"../../Plugins/2D/Paper2D/Content/OpaqueUnlitSpriteMaterial.uasset" 190
"../../../Engine/Content/Functions/Engine_MaterialFunctions02/Utility/BreakOutFloat4Components.uasset" 191
"../../../Engine/Content/Functions/Engine_MaterialFunctions02/Utility/MakeFloat2.uasset" 192
"../../../Engine/Content/Functions/Engine_MaterialFunctions02/Utility/MakeFloat3.uasset" 193
"../../Plugins/Runtime/Oculus/OculusVR/Content/Materials/OculusMR_ChromaKey.uasset" 194
"../../Plugins/Runtime/Oculus/OculusVR/Content/Materials/OculusMR_ChromaKey_Lit.uasset" 195
"../../Plugins/Runtime/Oculus/OculusVR/Content/Materials/OculusMR_OpaqueColoredMaterial.uasset" 196
"../../Plugins/Runtime/Oculus/OculusVR/Content/Materials/OculusMR_WhiteMaterial.uasset" 197
"../../../Engine/Content/EditorBlueprintResources/StandardMacros.uasset" 198
"../../../Engine/Content/EngineSky/C_Sky_Cloud_Color.uasset" 199
"../../../Engine/Content/EngineSky/C_Sky_Horizon_Color.uasset" 200
"../../../Engine/Content/EngineSky/C_Sky_Zenith_Color.uasset" 201
"../../../Engine/Content/EngineSky/T_Sky_Blue.uasset" 202
"../../../Engine/Content/EngineSky/T_Sky_Clouds_M.uasset" 203
"../../../Engine/Content/EngineSky/T_Sky_Stars.uasset" 204
"../../../Engine/Content/EngineSky/M_Sky_Panning_Clouds2.uasset" 205
"../../../Engine/Content/EngineSky/SM_SkySphere.uasset" 206
"../../../Engine/Content/EngineSky/BP_Sky_Sphere.uasset" 207
"D:/Documents/NMSU/CS479-VR/mediocrePosterMaker/Content/ExampleContent/VR_World_Interaction/Blueprints/Interfaces/BPI_WorldInteractive.uasset" 208
"D:/Documents/NMSU/CS479-VR/mediocrePosterMaker/Content/ExampleContent/VR_World_Interaction/Blueprints/Components/BPC_WorldInteractor.uasset" 209
"D:/Documents/NMSU/CS479-VR/mediocrePosterMaker/Content/ExampleContent/VR_World_Interaction/Blueprints/FeedbackEffects/HighIntensityBurst.uasset" 210
"D:/Documents/NMSU/CS479-VR/mediocrePosterMaker/Content/ExampleContent/VR_World_Interaction/Blueprints/FeedbackEffects/HighIntensityShake.uasset" 211
"D:/Documents/NMSU/CS479-VR/mediocrePosterMaker/Content/ExampleContent/VR_World_Interaction/Blueprints/FeedbackEffects/LowIntensityBurst.uasset" 212
"D:/Documents/NMSU/CS479-VR/mediocrePosterMaker/Content/ExampleContent/VR_World_Interaction/Blueprints/FeedbackEffects/LowIntensityShake.uasset" 213
"D:/Documents/NMSU/CS479-VR/mediocrePosterMaker/Content/ExampleContent/VR_World_Interaction/Blueprints/FeedbackEffects/EFeedbackIntensity.uasset" 214
"D:/Documents/NMSU/CS479-VR/mediocrePosterMaker/Content/ExampleContent/VR_World_Interaction/Blueprints/FeedbackEffects/EFeedbackType.uasset" 215
"D:/Documents/NMSU/CS479-VR/mediocrePosterMaker/Content/ExampleContent/VR_World_Interaction/Blueprints/FunctionLibraries/BPFL_FeedbackFunctionLibrary.uasset" 216
"../../../Engine/Content/BasicShapes/BasicShapeMaterial.uasset" 217
"D:/Documents/NMSU/CS479-VR/mediocrePosterMaker/Content/ExampleContent/VR_World_Interaction/Materials/M_BasicCubeMaterial.uasset" 218
"D:/Documents/NMSU/CS479-VR/mediocrePosterMaker/Content/ExampleContent/VR_World_Interaction/Materials/M_WhiteBoardMaterial.uasset" 219
"../../../Engine/Content/BasicShapes/Cube.uasset" 220
"D:/Documents/NMSU/CS479-VR/mediocrePosterMaker/Content/ExampleContent/VR_World_Interaction/Blueprints/InteractiveObjects/BP_WhiteBoard.uasset" 221
"D:/Documents/NMSU/CS479-VR/mediocrePosterMaker/Content/VirtualRealityBP/Blueprints/PickupActorInterface.uasset" 222
"D:/Documents/NMSU/CS479-VR/mediocrePosterMaker/Content/ExampleContent/VR_World_Interaction/Materials/M_WhiteBoardClearMaterial.uasset" 223
"D:/Documents/NMSU/CS479-VR/mediocrePosterMaker/Content/ExampleContent/VR_World_Interaction/Blueprints/InteractiveObjects/BP_Eraser.uasset" 224
"D:/Documents/NMSU/CS479-VR/mediocrePosterMaker/Content/ExampleContent/VR_World_Interaction/Blueprints/InteractiveObjects/BP_Marker.uasset" 225
"D:/Documents/NMSU/CS479-VR/mediocrePosterMaker/Content/VirtualReality/Materials/M_BaseMaterial.uasset" 226
"D:/Documents/NMSU/CS479-VR/mediocrePosterMaker/Content/VirtualReality/Materials/MI_SmallCubes.uasset" 227
"D:/Documents/NMSU/CS479-VR/mediocrePosterMaker/Content/Geometry/Meshes/1M_Cube.uasset" 228
"D:/Documents/NMSU/CS479-VR/mediocrePosterMaker/Content/StarterContent/Audio/Explosion01.uasset" 229
"D:/Documents/NMSU/CS479-VR/mediocrePosterMaker/Content/VirtualRealityBP/Blueprints/BP_PasteObject.uasset" 230
"D:/Documents/NMSU/CS479-VR/mediocrePosterMaker/Content/VirtualRealityBP/Blueprints/BP_PickupCube.uasset" 231
"D:/Documents/NMSU/CS479-VR/mediocrePosterMaker/Content/VirtualReality/Mannequin/Character/Mesh/MannequinHand_Right_Skeleton.uasset" 232
"D:/Documents/NMSU/CS479-VR/mediocrePosterMaker/Content/VirtualReality/Mannequin/Animations/MannequinHand_Right_CanGrab.uasset" 233
"D:/Documents/NMSU/CS479-VR/mediocrePosterMaker/Content/VirtualReality/Mannequin/Animations/MannequinHand_Right_Grab.uasset" 234
"D:/Documents/NMSU/CS479-VR/mediocrePosterMaker/Content/VirtualReality/Mannequin/Animations/MannequinHand_Right_Open.uasset" 235
"D:/Documents/NMSU/CS479-VR/mediocrePosterMaker/Content/VirtualReality/Mannequin/Animations/RightGrip_BS.uasset" 236
"D:/Documents/NMSU/CS479-VR/mediocrePosterMaker/Content/VirtualRealityBP/Blueprints/GripEnum.uasset" 237
"D:/Documents/NMSU/CS479-VR/mediocrePosterMaker/Content/VirtualReality/Mannequin/Animations/RightHand_AnimBP.uasset" 238
"D:/Documents/NMSU/CS479-VR/mediocrePosterMaker/Content/VirtualRealityBP/Blueprints/MotionControllerHaptics.uasset" 239
"D:/Documents/NMSU/CS479-VR/mediocrePosterMaker/Content/VirtualReality/Materials/M_SplineArcMat.uasset" 240
"D:/Documents/NMSU/CS479-VR/mediocrePosterMaker/Content/VirtualReality/Materials/MI_ChaperoneOutline.uasset" 241
"../../../Engine/Content/BasicShapes/Sphere.uasset" 242
"D:/Documents/NMSU/CS479-VR/mediocrePosterMaker/Content/VirtualReality/Mannequin/Character/Textures/UE4_Mannequin__normals.uasset" 243
"D:/Documents/NMSU/CS479-VR/mediocrePosterMaker/Content/VirtualReality/Mannequin/Character/Textures/UE4_Mannequin_MAT_MASKA.uasset" 244
"D:/Documents/NMSU/CS479-VR/mediocrePosterMaker/Content/VirtualReality/Mannequin/Character/Materials/M_HandMat.uasset" 245
"D:/Documents/NMSU/CS479-VR/mediocrePosterMaker/Content/VirtualReality/Mannequin/Character/Mesh/MannequinHand_Right_PhysicsAsset.uasset" 246
"D:/Documents/NMSU/CS479-VR/mediocrePosterMaker/Content/VirtualReality/Mannequin/Character/Mesh/MannequinHand_Right.uasset" 247
"D:/Documents/NMSU/CS479-VR/mediocrePosterMaker/Content/VirtualReality/Meshes/1x1_cube.uasset" 248
"D:/Documents/NMSU/CS479-VR/mediocrePosterMaker/Content/VirtualReality/Meshes/BeamMesh.uasset" 249
"D:/Documents/NMSU/CS479-VR/mediocrePosterMaker/Content/VirtualRealityBP/Blueprints/BP_MotionController.uasset" 250
"D:/Documents/NMSU/CS479-VR/mediocrePosterMaker/Content/VirtualRealityBP/Blueprints/MotionControllerPawn.uasset" 251
"D:/Documents/NMSU/CS479-VR/mediocrePosterMaker/Content/VirtualRealityBP/Maps/MediocrePosterMaker_BuiltData.uasset" 252
"D:/Documents/NMSU/CS479-VR/mediocrePosterMaker/Content/StarterContent/Textures/T_Concrete_Panels_D.uasset" 253
"D:/Documents/NMSU/CS479-VR/mediocrePosterMaker/Content/StarterContent/Textures/T_Concrete_Panels_N.uasset" 254
"D:/Documents/NMSU/CS479-VR/mediocrePosterMaker/Content/StarterContent/Textures/T_MacroVariation.uasset" 255
"D:/Documents/NMSU/CS479-VR/mediocrePosterMaker/Content/StarterContent/Textures/T_Perlin_Noise_M.uasset" 256
"D:/Documents/NMSU/CS479-VR/mediocrePosterMaker/Content/StarterContent/Materials/M_Concrete_Panels.uasset" 257
"D:/Documents/NMSU/CS479-VR/mediocrePosterMaker/Content/StarterContent/Textures/T_Wood_Oak_D.uasset" 258
"D:/Documents/NMSU/CS479-VR/mediocrePosterMaker/Content/StarterContent/Textures/T_Wood_Oak_N.uasset" 259
"D:/Documents/NMSU/CS479-VR/mediocrePosterMaker/Content/StarterContent/Materials/M_Wood_Oak.uasset" 260
"D:/Documents/NMSU/CS479-VR/mediocrePosterMaker/Content/VirtualReality/Materials/MI_BaseMaterial2.uasset" 261
"D:/Documents/NMSU/CS479-VR/mediocrePosterMaker/Content/VirtualReality/Materials/MI_BaseMaterial3.uasset" 262
"../../../Engine/Content/EngineMaterials/BlendFunc_DefBase.uasset" 263
"../../../Engine/Content/EngineMaterials/BlendFunc_DefBlend.uasset" 264
"../../../Engine/Content/Functions/Engine_MaterialFunctions03/Blends/Blend_Screen.uasset" 265
"D:/Documents/NMSU/CS479-VR/mediocrePosterMaker/Content/Furniture/Textures/T_NormalPlaceHolder.uasset" 266
"D:/Documents/NMSU/CS479-VR/mediocrePosterMaker/Content/Furniture/Textures/T_WhitePlaceHolder.uasset" 267
"D:/Documents/NMSU/CS479-VR/mediocrePosterMaker/Content/Furniture/Materials/MM_Tables_and_Chairs.uasset" 268
"D:/Documents/NMSU/CS479-VR/mediocrePosterMaker/Content/Furniture/Textures/T_Bed_Table_Mask.uasset" 269
"D:/Documents/NMSU/CS479-VR/mediocrePosterMaker/Content/Furniture/Materials/MI_Modern_Bed_Table.uasset" 270
"D:/Documents/NMSU/CS479-VR/mediocrePosterMaker/Content/Furniture/Meshes/SM_Bed_Table.uasset" 271
"D:/Documents/NMSU/CS479-VR/mediocrePosterMaker/Content/Furniture/Materials/M_Chrome.uasset" 272
"D:/Documents/NMSU/CS479-VR/mediocrePosterMaker/Content/Furniture/Materials/M_Modern_Table_bottom.uasset" 273
"../../../Engine/Content/Functions/Engine_MaterialFunctions01/Texturing/DetailTexturing.uasset" 274
"D:/Documents/NMSU/CS479-VR/mediocrePosterMaker/Content/Furniture/Textures/T_Wood_A.uasset" 275
"D:/Documents/NMSU/CS479-VR/mediocrePosterMaker/Content/Furniture/Textures/T_Wood_N.uasset" 276
"D:/Documents/NMSU/CS479-VR/mediocrePosterMaker/Content/Furniture/Textures/T_Wood_R.uasset" 277
"D:/Documents/NMSU/CS479-VR/mediocrePosterMaker/Content/Furniture/Materials/M_Modern_Table_top.uasset" 278
"D:/Documents/NMSU/CS479-VR/mediocrePosterMaker/Content/Furniture/Meshes/SM_Modern_Table.uasset" 279
"D:/Documents/NMSU/CS479-VR/mediocrePosterMaker/Content/StarterContent/Blueprints/Assets/SM_Arrows.uasset" 280
"D:/Documents/NMSU/CS479-VR/mediocrePosterMaker/Content/StarterContent/Textures/T_Bush_D.uasset" 281
"D:/Documents/NMSU/CS479-VR/mediocrePosterMaker/Content/StarterContent/Textures/T_Bush_N.uasset" 282
"D:/Documents/NMSU/CS479-VR/mediocrePosterMaker/Content/StarterContent/Props/Materials/M_Bush.uasset" 283
"D:/Documents/NMSU/CS479-VR/mediocrePosterMaker/Content/StarterContent/Props/SM_Bush.uasset" 284
"D:/Documents/NMSU/CS479-VR/mediocrePosterMaker/Content/StarterContent/Textures/T_Statue_M.uasset" 285
"D:/Documents/NMSU/CS479-VR/mediocrePosterMaker/Content/StarterContent/Textures/T_Statue_N.uasset" 286
"D:/Documents/NMSU/CS479-VR/mediocrePosterMaker/Content/StarterContent/Props/Materials/M_Statue.uasset" 287
"D:/Documents/NMSU/CS479-VR/mediocrePosterMaker/Content/StarterContent/Props/Materials/M_StatueGlass.uasset" 288
"D:/Documents/NMSU/CS479-VR/mediocrePosterMaker/Content/StarterContent/Props/SM_Statue.uasset" 289
"D:/Documents/NMSU/CS479-VR/mediocrePosterMaker/Content/StarterContent/Materials/M_Basic_Wall.uasset" 290
"D:/Documents/NMSU/CS479-VR/mediocrePosterMaker/Content/StarterContent/Shapes/Shape_Cone.uasset" 291
"D:/Documents/NMSU/CS479-VR/mediocrePosterMaker/Content/StarterContent/Shapes/Shape_Sphere.uasset" 292
"D:/Documents/NMSU/CS479-VR/mediocrePosterMaker/Content/VirtualRealityBP/Maps/MediocrePosterMaker.umap" 293
"../../../Engine/Content/Maps/Entry_BuiltData.uasset" 294
"../../../Engine/Content/Maps/Entry.umap" 295
